<?xml version="1.0" encoding="UTF-8"?>
<!-- Generated by org.testng.reporters.JUnitXMLReporter -->
<testsuite hostname="DESKTOP-RTOOT5Q" ignored="0" name="Default test" tests="3" failures="0" timestamp="2021-04-19T20:56:13 IST" time="8.859" errors="0">
  <testcase name="deleteLead" time="0.009" classname="com.zoho.testcases.StandaloneDeleteLead"/>
  <testcase name="deleteLead" time="0.007" classname="com.zoho.testcases.StandaloneDeleteLead">
    <skipped/>
  </testcase> <!-- deleteLead -->
  <testcase name="deleteLead" time="0.004" classname="com.zoho.testcases.StandaloneDeleteLead"/>
</testsuite> <!-- Default test -->
