<?xml version="1.0" encoding="UTF-8"?>
<!-- Generated by org.testng.reporters.JUnitXMLReporter -->
<testsuite ignored="4" hostname="DESKTOP-RTOOT5Q" failures="0" tests="6" name="Create Lead Test [Chrome] 2" time="4.582" errors="0" timestamp="2021-05-04T20:36:41 IST">
  <testcase classname="com.zoho.testcases.Session" name="doLogin" time="0.0">
    <skipped/>
  </testcase> <!-- doLogin -->
  <testcase classname="com.zoho.testcases.Session" name="doLogout" time="0.0">
    <skipped/>
  </testcase> <!-- doLogout -->
  <testcase classname="com.zoho.testcases.TopMenu" name="gotoTopMenuLink" time="0.0">
    <skipped/>
  </testcase> <!-- gotoTopMenuLink -->
  <testcase classname="com.zoho.testcases.TopMenu" name="validateLinks" time="0.0">
    <skipped/>
  </testcase> <!-- validateLinks -->
  <testcase classname="com.zoho.testcases.Leads" name="createLead" time="0.0">
    <skipped/>
  </testcase> <!-- createLead -->
  <testcase classname="com.zoho.testcases.Leads" name="verifyLeadCreation" time="0.002">
    <skipped/>
  </testcase> <!-- verifyLeadCreation -->
  <testcase classname="com.zoho.testcases.Base" name="@AfterTest afterTest" time="0.0">
    <ignored/>
  </testcase> <!-- @AfterTest afterTest -->
  <testcase classname="com.zoho.testcases.Base" name="@AfterTest afterTest" time="0.0">
    <ignored/>
  </testcase> <!-- @AfterTest afterTest -->
  <testcase classname="com.zoho.testcases.Base" name="@BeforeTest beforeTest" time="0.0">
    <ignored/>
  </testcase> <!-- @BeforeTest beforeTest -->
  <testcase classname="com.zoho.testcases.Base" name="@BeforeTest beforeTest" time="0.0">
    <ignored/>
  </testcase> <!-- @BeforeTest beforeTest -->
</testsuite> <!-- Create Lead Test [Chrome] 2 -->
