<?xml version="1.0" encoding="UTF-8"?>
<!-- Generated by org.testng.reporters.JUnitXMLReporter -->
<testsuite hostname="DESKTOP-RTOOT5Q" ignored="4" name="Create Lead Test [chrome] 3" tests="6" failures="0" timestamp="2021-04-29T20:30:57 IST" time="0.046" errors="0">
  <testcase name="doLogin" time="0.0" classname="com.zoho.testcases.Session"/>
  <testcase name="doLogout" time="0.001" classname="com.zoho.testcases.Session"/>
  <testcase name="gotoTopMenuLink" time="0.0" classname="com.zoho.testcases.TopMenu"/>
  <testcase name="validateLinks" time="0.0" classname="com.zoho.testcases.TopMenu"/>
  <testcase name="createLead" time="0.001" classname="com.zoho.testcases.Leads"/>
  <testcase name="verifyLeadCreation" time="0.0" classname="com.zoho.testcases.Leads"/>
  <testcase name="@AfterTest afterTest" time="0.0" classname="com.zoho.testcases.Base">
    <ignored/>
  </testcase> <!-- @AfterTest afterTest -->
  <testcase name="@AfterTest afterTest" time="0.0" classname="com.zoho.testcases.Base">
    <ignored/>
  </testcase> <!-- @AfterTest afterTest -->
  <testcase name="@BeforeTest beforeTest" time="0.0" classname="com.zoho.testcases.Base">
    <ignored/>
  </testcase> <!-- @BeforeTest beforeTest -->
  <testcase name="@BeforeTest beforeTest" time="0.0" classname="com.zoho.testcases.Base">
    <ignored/>
  </testcase> <!-- @BeforeTest beforeTest -->
</testsuite> <!-- Create Lead Test [chrome] 3 -->
