<?xml version="1.0" encoding="UTF-8"?>
<!-- Generated by org.testng.reporters.JUnitXMLReporter -->
<testsuite ignored="4" hostname="DESKTOP-RTOOT5Q" failures="0" tests="6" name="Create Lead Test [Chrome] 1" time="7.783" errors="0" timestamp="2021-05-04T20:36:34 IST">
  <testcase classname="com.zoho.testcases.Session" name="doLogin" time="0.007"/>
  <testcase classname="com.zoho.testcases.Session" name="doLogout" time="0.003"/>
  <testcase classname="com.zoho.testcases.TopMenu" name="gotoTopMenuLink" time="0.01"/>
  <testcase classname="com.zoho.testcases.TopMenu" name="validateLinks" time="0.013"/>
  <testcase classname="com.zoho.testcases.Leads" name="createLead" time="0.014"/>
  <testcase classname="com.zoho.testcases.Leads" name="verifyLeadCreation" time="0.001"/>
  <testcase classname="com.zoho.testcases.Base" name="@AfterTest afterTest" time="0.0">
    <ignored/>
  </testcase> <!-- @AfterTest afterTest -->
  <testcase classname="com.zoho.testcases.Base" name="@AfterTest afterTest" time="0.0">
    <ignored/>
  </testcase> <!-- @AfterTest afterTest -->
  <testcase classname="com.zoho.testcases.Base" name="@BeforeTest beforeTest" time="0.0">
    <ignored/>
  </testcase> <!-- @BeforeTest beforeTest -->
  <testcase classname="com.zoho.testcases.Base" name="@BeforeTest beforeTest" time="0.0">
    <ignored/>
  </testcase> <!-- @BeforeTest beforeTest -->
</testsuite> <!-- Create Lead Test [Chrome] 1 -->
