<?xml version="1.0" encoding="UTF-8"?>
<!-- Generated by org.testng.reporters.JUnitXMLReporter -->
<testsuite ignored="0" hostname="DESKTOP-RTOOT5Q" failures="0" tests="2" name="Delete Lead Test [Chrome] 2" time="7.511" errors="0" timestamp="2021-05-04T20:36:57 IST">
  <testcase classname="com.zoho.testcases.Leads" name="createLead" time="0.0">
    <skipped/>
  </testcase> <!-- createLead -->
  <testcase classname="com.zoho.testcases.Leads" name="verifyLeadCreation" time="0.0">
    <skipped/>
  </testcase> <!-- verifyLeadCreation -->
</testsuite> <!-- Delete Lead Test [Chrome] 2 -->
