<?xml version="1.0" encoding="UTF-8"?>
<!-- Generated by org.testng.reporters.JUnitXMLReporter -->
<testsuite hostname="DESKTOP-RTOOT5Q" ignored="6" name="Create Lead Test" tests="4" failures="0" timestamp="2021-04-29T20:40:24 IST" time="1.041" errors="0">
  <testcase name="doLogin" time="0.012" classname="com.zoho.testcases.Session"/>
  <testcase name="gotoTopMenuLink" time="0.006" classname="com.zoho.testcases.TopMenu"/>
  <testcase name="createLead" time="0.006" classname="com.zoho.testcases.Leads"/>
  <testcase name="verifyLeadCreation" time="0.005" classname="com.zoho.testcases.Leads"/>
  <testcase name="doLogout" time="0.0" classname="com.zoho.testcases.Session">
    <ignored/>
  </testcase> <!-- doLogout -->
  <testcase name="@AfterTest afterTest" time="0.0" classname="com.zoho.testcases.Base">
    <ignored/>
  </testcase> <!-- @AfterTest afterTest -->
  <testcase name="@AfterTest afterTest" time="0.0" classname="com.zoho.testcases.Base">
    <ignored/>
  </testcase> <!-- @AfterTest afterTest -->
  <testcase name="validateLinks" time="0.0" classname="com.zoho.testcases.TopMenu">
    <ignored/>
  </testcase> <!-- validateLinks -->
  <testcase name="@BeforeTest beforeTest" time="0.0" classname="com.zoho.testcases.Base">
    <ignored/>
  </testcase> <!-- @BeforeTest beforeTest -->
  <testcase name="@BeforeTest beforeTest" time="0.0" classname="com.zoho.testcases.Base">
    <ignored/>
  </testcase> <!-- @BeforeTest beforeTest -->
</testsuite> <!-- Create Lead Test -->
