<?xml version="1.0" encoding="UTF-8"?>
<!-- Generated by org.testng.reporters.JUnitXMLReporter -->
<testsuite hostname="DESKTOP-RTOOT5Q" ignored="7" name="Create Lead Test 2" tests="4" failures="0" timestamp="2021-04-13T20:37:23 IST" time="5.01" errors="0">
  <testcase name="doLogin" time="0.001" classname="com.zoho.testcases.Session"/>
  <testcase name="gotoTopMenuLink" time="0.004" classname="com.zoho.testcases.TopMenu"/>
  <testcase name="createLead" time="0.023" classname="com.zoho.testcases.Leads"/>
  <testcase name="verifyLeadCreation" time="0.002" classname="com.zoho.testcases.Leads"/>
  <testcase name="doLogout" time="0.0" classname="com.zoho.testcases.Session">
    <ignored/>
  </testcase> <!-- doLogout -->
  <testcase name="@AfterTest afterTest" time="0.0" classname="com.zoho.testcases.Base">
    <ignored/>
  </testcase> <!-- @AfterTest afterTest -->
  <testcase name="@AfterTest afterTest" time="0.0" classname="com.zoho.testcases.Base">
    <ignored/>
  </testcase> <!-- @AfterTest afterTest -->
  <testcase name="validateLinks" time="0.0" classname="com.zoho.testcases.TopMenu">
    <ignored/>
  </testcase> <!-- validateLinks -->
  <testcase name="@BeforeTest beforeTest" time="0.0" classname="com.zoho.testcases.Base">
    <ignored/>
  </testcase> <!-- @BeforeTest beforeTest -->
  <testcase name="@BeforeTest beforeTest" time="0.0" classname="com.zoho.testcases.Base">
    <ignored/>
  </testcase> <!-- @BeforeTest beforeTest -->
  <testcase name="deleteLead" time="0.0" classname="com.zoho.testcases.Leads">
    <ignored/>
  </testcase> <!-- deleteLead -->
</testsuite> <!-- Create Lead Test 2 -->
