<?xml version="1.0" encoding="UTF-8"?>
<!-- Generated by org.testng.reporters.JUnitXMLReporter -->
<testsuite hostname="DESKTOP-RTOOT5Q" ignored="2" tests="0" failures="0" timestamp="2021-04-29T20:40:24 IST" time="0.029" errors="0">
  <testcase name="createLead" time="0.0" classname="com.zoho.testcases.Leads">
    <ignored/>
  </testcase> <!-- createLead -->
  <testcase name="verifyLeadCreation" time="0.0" classname="com.zoho.testcases.Leads">
    <ignored/>
  </testcase> <!-- verifyLeadCreation -->
</testsuite>
